<?xml version="1.0" encoding="UTF-8"?>
<testng-results skipped="0" failed="0" ignored="0" total="1" passed="1">
  <reporter-output>
  </reporter-output>
  <suite name="Default suite" duration-ms="6883" started-at="2020-07-13T17:56:21 IST" finished-at="2020-07-13T17:56:28 IST">
    <groups>
    </groups>
    <test name="Default test" duration-ms="6883" started-at="2020-07-13T17:56:21 IST" finished-at="2020-07-13T17:56:28 IST">
      <class name="com.ADM.test.fbLogin">
        <test-method status="PASS" signature="beforeSuite()[pri:0, instance:com.ADM.test.fbLogin@7113b13f]" name="beforeSuite" is-config="true" duration-ms="48091" started-at="2020-07-13T17:55:33 IST" finished-at="2020-07-13T17:56:21 IST">
          <reporter-output>
          </reporter-output>
        </test-method> <!-- beforeSuite -->
        <test-method status="PASS" signature="f()[pri:0, instance:com.ADM.test.fbLogin@7113b13f]" name="f" duration-ms="6780" started-at="2020-07-13T17:56:21 IST" finished-at="2020-07-13T17:56:28 IST">
          <reporter-output>
          </reporter-output>
        </test-method> <!-- f -->
        <test-method status="PASS" signature="afterSuite()[pri:0, instance:com.ADM.test.fbLogin@7113b13f]" name="afterSuite" is-config="true" duration-ms="1114" started-at="2020-07-13T17:56:28 IST" finished-at="2020-07-13T17:56:29 IST">
          <reporter-output>
          </reporter-output>
        </test-method> <!-- afterSuite -->
      </class> <!-- com.ADM.test.fbLogin -->
    </test> <!-- Default test -->
  </suite> <!-- Default suite -->
</testng-results>
